2024-04-18 17:11:22,211 INFO  [restartedMain]  com.kss.KssAmbalajApplication:Starting KssAmbalajApplication using Java 18.0.2.1 on DESKTOP-PDIF9H6 with PID 9012 (C:\Users\sadik\Desktop\kss_ambalaj\target\classes started by sadik in C:\Users\sadik\Desktop\kss_ambalaj)
2024-04-18 17:11:22,227 INFO  [restartedMain]  com.kss.KssAmbalajApplication:No active profile set, falling back to 1 default profile: "default"
2024-04-18 17:11:22,353 INFO  [restartedMain]  org.springframework.boot.devtools.env.DevToolsPropertyDefaultsPostProcessor:Devtools property defaults active! Set 'spring.devtools.add-properties' to 'false' to disable
2024-04-18 17:11:22,355 INFO  [restartedMain]  org.springframework.boot.devtools.env.DevToolsPropertyDefaultsPostProcessor:For additional web related logging consider setting the 'logging.level.web' property to 'DEBUG'
2024-04-18 17:11:24,795 INFO  [restartedMain]  org.springframework.data.repository.config.RepositoryConfigurationDelegate:Bootstrapping Spring Data JPA repositories in DEFAULT mode.
2024-04-18 17:11:25,067 INFO  [restartedMain]  org.springframework.data.repository.config.RepositoryConfigurationDelegate:Finished Spring Data repository scanning in 251 ms. Found 17 JPA repository interfaces.
2024-04-18 17:11:26,241 INFO  [restartedMain]  org.springframework.boot.web.embedded.tomcat.TomcatWebServer:Tomcat initialized with port(s): 8080 (http)
2024-04-18 17:11:26,257 INFO  [restartedMain]  org.apache.catalina.core.StandardService:Starting service [Tomcat]
2024-04-18 17:11:26,259 INFO  [restartedMain]  org.apache.catalina.core.StandardEngine:Starting Servlet engine: [Apache Tomcat/9.0.71]
2024-04-18 17:11:26,413 INFO  [restartedMain]  org.apache.catalina.core.ContainerBase.[Tomcat].[localhost].[/]:Initializing Spring embedded WebApplicationContext
2024-04-18 17:11:26,414 INFO  [restartedMain]  org.springframework.boot.web.servlet.context.ServletWebServerApplicationContext:Root WebApplicationContext: initialization completed in 4058 ms
2024-04-18 17:11:27,000 INFO  [restartedMain]  org.hibernate.jpa.internal.util.LogHelper:HHH000204: Processing PersistenceUnitInfo [name: default]
2024-04-18 17:11:27,118 INFO  [restartedMain]  org.hibernate.Version:HHH000412: Hibernate ORM core version 5.6.14.Final
2024-04-18 17:11:27,418 INFO  [restartedMain]  org.hibernate.annotations.common.Version:HCANN000001: Hibernate Commons Annotations {5.1.2.Final}
2024-04-18 17:11:27,604 INFO  [restartedMain]  com.zaxxer.hikari.HikariDataSource:HikariPool-1 - Starting...
2024-04-18 17:11:28,229 INFO  [restartedMain]  com.zaxxer.hikari.HikariDataSource:HikariPool-1 - Start completed.
2024-04-18 17:11:28,265 INFO  [restartedMain]  org.hibernate.dialect.Dialect:HHH000400: Using dialect: org.hibernate.dialect.MySQL8Dialect
2024-04-18 17:11:32,092 INFO  [restartedMain]  org.hibernate.engine.transaction.jta.platform.internal.JtaPlatformInitiator:HHH000490: Using JtaPlatform implementation: [org.hibernate.engine.transaction.jta.platform.internal.NoJtaPlatform]
2024-04-18 17:11:32,114 INFO  [restartedMain]  org.springframework.orm.jpa.LocalContainerEntityManagerFactoryBean:Initialized JPA EntityManagerFactory for persistence unit 'default'
2024-04-18 17:11:33,408 WARN  [restartedMain]  org.springframework.boot.web.servlet.context.AnnotationConfigServletWebServerApplicationContext:Exception encountered during context initialization - cancelling refresh attempt: org.springframework.beans.factory.UnsatisfiedDependencyException: Error creating bean with name 'categoryController' defined in file [C:\Users\sadik\Desktop\kss_ambalaj\target\classes\com\kss\controller\CategoryController.class]: Unsatisfied dependency expressed through constructor parameter 0; nested exception is org.springframework.beans.factory.UnsatisfiedDependencyException: Error creating bean with name 'categoryService' defined in file [C:\Users\sadik\Desktop\kss_ambalaj\target\classes\com\kss\service\CategoryService.class]: Unsatisfied dependency expressed through constructor parameter 4; nested exception is org.springframework.beans.factory.BeanCreationException: Error creating bean with name 'userService': Injection of autowired dependencies failed; nested exception is java.lang.IllegalArgumentException: Could not resolve placeholder 'management.gamingpromarket.app.backendLink' in value "${management.gamingpromarket.app.backendLink}"
2024-04-18 17:11:33,410 INFO  [restartedMain]  org.springframework.orm.jpa.LocalContainerEntityManagerFactoryBean:Closing JPA EntityManagerFactory for persistence unit 'default'
2024-04-18 17:11:33,416 INFO  [restartedMain]  com.zaxxer.hikari.HikariDataSource:HikariPool-1 - Shutdown initiated...
2024-04-18 17:11:33,433 INFO  [restartedMain]  com.zaxxer.hikari.HikariDataSource:HikariPool-1 - Shutdown completed.
2024-04-18 17:11:33,438 INFO  [restartedMain]  org.apache.catalina.core.StandardService:Stopping service [Tomcat]
2024-04-18 17:11:33,460 INFO  [restartedMain]  org.springframework.boot.autoconfigure.logging.ConditionEvaluationReportLoggingListener:

Error starting ApplicationContext. To display the conditions report re-run your application with 'debug' enabled.
2024-04-18 17:11:33,498 ERROR [restartedMain]  org.springframework.boot.SpringApplication:Application run failed
org.springframework.beans.factory.UnsatisfiedDependencyException: Error creating bean with name 'categoryController' defined in file [C:\Users\sadik\Desktop\kss_ambalaj\target\classes\com\kss\controller\CategoryController.class]: Unsatisfied dependency expressed through constructor parameter 0; nested exception is org.springframework.beans.factory.UnsatisfiedDependencyException: Error creating bean with name 'categoryService' defined in file [C:\Users\sadik\Desktop\kss_ambalaj\target\classes\com\kss\service\CategoryService.class]: Unsatisfied dependency expressed through constructor parameter 4; nested exception is org.springframework.beans.factory.BeanCreationException: Error creating bean with name 'userService': Injection of autowired dependencies failed; nested exception is java.lang.IllegalArgumentException: Could not resolve placeholder 'management.gamingpromarket.app.backendLink' in value "${management.gamingpromarket.app.backendLink}"
	at org.springframework.beans.factory.support.ConstructorResolver.createArgumentArray(ConstructorResolver.java:800)
	at org.springframework.beans.factory.support.ConstructorResolver.autowireConstructor(ConstructorResolver.java:229)
	at org.springframework.beans.factory.support.AbstractAutowireCapableBeanFactory.autowireConstructor(AbstractAutowireCapableBeanFactory.java:1372)
	at org.springframework.beans.factory.support.AbstractAutowireCapableBeanFactory.createBeanInstance(AbstractAutowireCapableBeanFactory.java:1222)
	at org.springframework.beans.factory.support.AbstractAutowireCapableBeanFactory.doCreateBean(AbstractAutowireCapableBeanFactory.java:582)
	at org.springframework.beans.factory.support.AbstractAutowireCapableBeanFactory.createBean(AbstractAutowireCapableBeanFactory.java:542)
	at org.springframework.beans.factory.support.AbstractBeanFactory.lambda$doGetBean$0(AbstractBeanFactory.java:335)
	at org.springframework.beans.factory.support.DefaultSingletonBeanRegistry.getSingleton(DefaultSingletonBeanRegistry.java:234)
	at org.springframework.beans.factory.support.AbstractBeanFactory.doGetBean(AbstractBeanFactory.java:333)
	at org.springframework.beans.factory.support.AbstractBeanFactory.getBean(AbstractBeanFactory.java:208)
	at org.springframework.beans.factory.support.DefaultListableBeanFactory.preInstantiateSingletons(DefaultListableBeanFactory.java:955)
	at org.springframework.context.support.AbstractApplicationContext.finishBeanFactoryInitialization(AbstractApplicationContext.java:918)
	at org.springframework.context.support.AbstractApplicationContext.refresh(AbstractApplicationContext.java:583)
	at org.springframework.boot.web.servlet.context.ServletWebServerApplicationContext.refresh(ServletWebServerApplicationContext.java:147)
	at org.springframework.boot.SpringApplication.refresh(SpringApplication.java:731)
	at org.springframework.boot.SpringApplication.refreshContext(SpringApplication.java:408)
	at org.springframework.boot.SpringApplication.run(SpringApplication.java:307)
	at org.springframework.boot.SpringApplication.run(SpringApplication.java:1303)
	at org.springframework.boot.SpringApplication.run(SpringApplication.java:1292)
	at com.kss.KssAmbalajApplication.main(KssAmbalajApplication.java:10)
	at java.base/jdk.internal.reflect.DirectMethodHandleAccessor.invoke(DirectMethodHandleAccessor.java:104)
	at java.base/java.lang.reflect.Method.invoke(Method.java:577)
	at org.springframework.boot.devtools.restart.RestartLauncher.run(RestartLauncher.java:49)
Caused by: org.springframework.beans.factory.UnsatisfiedDependencyException: Error creating bean with name 'categoryService' defined in file [C:\Users\sadik\Desktop\kss_ambalaj\target\classes\com\kss\service\CategoryService.class]: Unsatisfied dependency expressed through constructor parameter 4; nested exception is org.springframework.beans.factory.BeanCreationException: Error creating bean with name 'userService': Injection of autowired dependencies failed; nested exception is java.lang.IllegalArgumentException: Could not resolve placeholder 'management.gamingpromarket.app.backendLink' in value "${management.gamingpromarket.app.backendLink}"
	at org.springframework.beans.factory.support.ConstructorResolver.createArgumentArray(ConstructorResolver.java:800)
	at org.springframework.beans.factory.support.ConstructorResolver.autowireConstructor(ConstructorResolver.java:229)
	at org.springframework.beans.factory.support.AbstractAutowireCapableBeanFactory.autowireConstructor(AbstractAutowireCapableBeanFactory.java:1372)
	at org.springframework.beans.factory.support.AbstractAutowireCapableBeanFactory.createBeanInstance(AbstractAutowireCapableBeanFactory.java:1222)
	at org.springframework.beans.factory.support.AbstractAutowireCapableBeanFactory.doCreateBean(AbstractAutowireCapableBeanFactory.java:582)
	at org.springframework.beans.factory.support.AbstractAutowireCapableBeanFactory.createBean(AbstractAutowireCapableBeanFactory.java:542)
	at org.springframework.beans.factory.support.AbstractBeanFactory.lambda$doGetBean$0(AbstractBeanFactory.java:335)
	at org.springframework.beans.factory.support.DefaultSingletonBeanRegistry.getSingleton(DefaultSingletonBeanRegistry.java:234)
	at org.springframework.beans.factory.support.AbstractBeanFactory.doGetBean(AbstractBeanFactory.java:333)
	at org.springframework.beans.factory.support.AbstractBeanFactory.getBean(AbstractBeanFactory.java:208)
	at org.springframework.beans.factory.config.DependencyDescriptor.resolveCandidate(DependencyDescriptor.java:276)
	at org.springframework.beans.factory.support.DefaultListableBeanFactory.doResolveDependency(DefaultListableBeanFactory.java:1391)
	at org.springframework.beans.factory.support.DefaultListableBeanFactory.resolveDependency(DefaultListableBeanFactory.java:1311)
	at org.springframework.beans.factory.support.ConstructorResolver.resolveAutowiredArgument(ConstructorResolver.java:887)
	at org.springframework.beans.factory.support.ConstructorResolver.createArgumentArray(ConstructorResolver.java:791)
	... 22 common frames omitted
Caused by: org.springframework.beans.factory.BeanCreationException: Error creating bean with name 'userService': Injection of autowired dependencies failed; nested exception is java.lang.IllegalArgumentException: Could not resolve placeholder 'management.gamingpromarket.app.backendLink' in value "${management.gamingpromarket.app.backendLink}"
	at org.springframework.beans.factory.annotation.AutowiredAnnotationBeanPostProcessor.postProcessProperties(AutowiredAnnotationBeanPostProcessor.java:405)
	at org.springframework.beans.factory.support.AbstractAutowireCapableBeanFactory.populateBean(AbstractAutowireCapableBeanFactory.java:1431)
	at org.springframework.beans.factory.support.AbstractAutowireCapableBeanFactory.doCreateBean(AbstractAutowireCapableBeanFactory.java:619)
	at org.springframework.beans.factory.support.AbstractAutowireCapableBeanFactory.createBean(AbstractAutowireCapableBeanFactory.java:542)
	at org.springframework.beans.factory.support.AbstractBeanFactory.lambda$doGetBean$0(AbstractBeanFactory.java:335)
	at org.springframework.beans.factory.support.DefaultSingletonBeanRegistry.getSingleton(DefaultSingletonBeanRegistry.java:234)
	at org.springframework.beans.factory.support.AbstractBeanFactory.doGetBean(AbstractBeanFactory.java:333)
	at org.springframework.beans.factory.support.AbstractBeanFactory.getBean(AbstractBeanFactory.java:208)
	at org.springframework.beans.factory.config.DependencyDescriptor.resolveCandidate(DependencyDescriptor.java:276)
	at org.springframework.beans.factory.support.DefaultListableBeanFactory.doResolveDependency(DefaultListableBeanFactory.java:1391)
	at org.springframework.beans.factory.support.DefaultListableBeanFactory.resolveDependency(DefaultListableBeanFactory.java:1311)
	at org.springframework.beans.factory.support.ConstructorResolver.resolveAutowiredArgument(ConstructorResolver.java:887)
	at org.springframework.beans.factory.support.ConstructorResolver.createArgumentArray(ConstructorResolver.java:791)
	... 36 common frames omitted
Caused by: java.lang.IllegalArgumentException: Could not resolve placeholder 'management.gamingpromarket.app.backendLink' in value "${management.gamingpromarket.app.backendLink}"
	at org.springframework.util.PropertyPlaceholderHelper.parseStringValue(PropertyPlaceholderHelper.java:180)
	at org.springframework.util.PropertyPlaceholderHelper.replacePlaceholders(PropertyPlaceholderHelper.java:126)
	at org.springframework.core.env.AbstractPropertyResolver.doResolvePlaceholders(AbstractPropertyResolver.java:239)
	at org.springframework.core.env.AbstractPropertyResolver.resolveRequiredPlaceholders(AbstractPropertyResolver.java:210)
	at org.springframework.context.support.PropertySourcesPlaceholderConfigurer.lambda$processProperties$0(PropertySourcesPlaceholderConfigurer.java:191)
	at org.springframework.beans.factory.support.AbstractBeanFactory.resolveEmbeddedValue(AbstractBeanFactory.java:936)
	at org.springframework.beans.factory.support.DefaultListableBeanFactory.doResolveDependency(DefaultListableBeanFactory.java:1332)
	at org.springframework.beans.factory.support.DefaultListableBeanFactory.resolveDependency(DefaultListableBeanFactory.java:1311)
	at org.springframework.beans.factory.annotation.AutowiredAnnotationBeanPostProcessor$AutowiredFieldElement.resolveFieldValue(AutowiredAnnotationBeanPostProcessor.java:657)
	at org.springframework.beans.factory.annotation.AutowiredAnnotationBeanPostProcessor$AutowiredFieldElement.inject(AutowiredAnnotationBeanPostProcessor.java:640)
	at org.springframework.beans.factory.annotation.InjectionMetadata.inject(InjectionMetadata.java:119)
	at org.springframework.beans.factory.annotation.AutowiredAnnotationBeanPostProcessor.postProcessProperties(AutowiredAnnotationBeanPostProcessor.java:399)
	... 48 common frames omitted
2024-04-18 17:14:09,061 INFO  [restartedMain]  com.kss.KssAmbalajApplication:Starting KssAmbalajApplication using Java 18.0.2.1 on DESKTOP-PDIF9H6 with PID 10752 (C:\Users\sadik\Desktop\kss_ambalaj\target\classes started by sadik in C:\Users\sadik\Desktop\kss_ambalaj)
2024-04-18 17:14:09,064 INFO  [restartedMain]  com.kss.KssAmbalajApplication:No active profile set, falling back to 1 default profile: "default"
2024-04-18 17:14:09,173 INFO  [restartedMain]  org.springframework.boot.devtools.env.DevToolsPropertyDefaultsPostProcessor:Devtools property defaults active! Set 'spring.devtools.add-properties' to 'false' to disable
2024-04-18 17:14:09,173 INFO  [restartedMain]  org.springframework.boot.devtools.env.DevToolsPropertyDefaultsPostProcessor:For additional web related logging consider setting the 'logging.level.web' property to 'DEBUG'
2024-04-18 17:14:11,467 INFO  [restartedMain]  org.springframework.data.repository.config.RepositoryConfigurationDelegate:Bootstrapping Spring Data JPA repositories in DEFAULT mode.
2024-04-18 17:14:11,699 INFO  [restartedMain]  org.springframework.data.repository.config.RepositoryConfigurationDelegate:Finished Spring Data repository scanning in 216 ms. Found 17 JPA repository interfaces.
2024-04-18 17:14:12,881 INFO  [restartedMain]  org.springframework.boot.web.embedded.tomcat.TomcatWebServer:Tomcat initialized with port(s): 8080 (http)
2024-04-18 17:14:12,898 INFO  [restartedMain]  org.apache.catalina.core.StandardService:Starting service [Tomcat]
2024-04-18 17:14:12,899 INFO  [restartedMain]  org.apache.catalina.core.StandardEngine:Starting Servlet engine: [Apache Tomcat/9.0.71]
2024-04-18 17:14:13,064 INFO  [restartedMain]  org.apache.catalina.core.ContainerBase.[Tomcat].[localhost].[/]:Initializing Spring embedded WebApplicationContext
2024-04-18 17:14:13,065 INFO  [restartedMain]  org.springframework.boot.web.servlet.context.ServletWebServerApplicationContext:Root WebApplicationContext: initialization completed in 3891 ms
2024-04-18 17:14:13,656 INFO  [restartedMain]  org.hibernate.jpa.internal.util.LogHelper:HHH000204: Processing PersistenceUnitInfo [name: default]
2024-04-18 17:14:13,766 INFO  [restartedMain]  org.hibernate.Version:HHH000412: Hibernate ORM core version 5.6.14.Final
2024-04-18 17:14:14,171 INFO  [restartedMain]  org.hibernate.annotations.common.Version:HCANN000001: Hibernate Commons Annotations {5.1.2.Final}
2024-04-18 17:14:14,473 INFO  [restartedMain]  com.zaxxer.hikari.HikariDataSource:HikariPool-1 - Starting...
2024-04-18 17:14:15,119 INFO  [restartedMain]  com.zaxxer.hikari.HikariDataSource:HikariPool-1 - Start completed.
2024-04-18 17:14:15,169 INFO  [restartedMain]  org.hibernate.dialect.Dialect:HHH000400: Using dialect: org.hibernate.dialect.MySQL8Dialect
2024-04-18 17:14:17,213 INFO  [restartedMain]  org.hibernate.engine.transaction.jta.platform.internal.JtaPlatformInitiator:HHH000490: Using JtaPlatform implementation: [org.hibernate.engine.transaction.jta.platform.internal.NoJtaPlatform]
2024-04-18 17:14:17,230 INFO  [restartedMain]  org.springframework.orm.jpa.LocalContainerEntityManagerFactoryBean:Initialized JPA EntityManagerFactory for persistence unit 'default'
2024-04-18 17:14:18,530 WARN  [restartedMain]  org.springframework.boot.web.servlet.context.AnnotationConfigServletWebServerApplicationContext:Exception encountered during context initialization - cancelling refresh attempt: org.springframework.beans.factory.UnsatisfiedDependencyException: Error creating bean with name 'categoryController' defined in file [C:\Users\sadik\Desktop\kss_ambalaj\target\classes\com\kss\controller\CategoryController.class]: Unsatisfied dependency expressed through constructor parameter 0; nested exception is org.springframework.beans.factory.UnsatisfiedDependencyException: Error creating bean with name 'categoryService' defined in file [C:\Users\sadik\Desktop\kss_ambalaj\target\classes\com\kss\service\CategoryService.class]: Unsatisfied dependency expressed through constructor parameter 4; nested exception is org.springframework.beans.factory.BeanCreationException: Error creating bean with name 'userService': Injection of autowired dependencies failed; nested exception is java.lang.IllegalArgumentException: Could not resolve placeholder 'management.gamingpromarket.app.backendLink' in value "${management.gamingpromarket.app.backendLink}"
2024-04-18 17:14:18,532 INFO  [restartedMain]  org.springframework.orm.jpa.LocalContainerEntityManagerFactoryBean:Closing JPA EntityManagerFactory for persistence unit 'default'
2024-04-18 17:14:18,536 INFO  [restartedMain]  com.zaxxer.hikari.HikariDataSource:HikariPool-1 - Shutdown initiated...
2024-04-18 17:14:18,553 INFO  [restartedMain]  com.zaxxer.hikari.HikariDataSource:HikariPool-1 - Shutdown completed.
2024-04-18 17:14:18,558 INFO  [restartedMain]  org.apache.catalina.core.StandardService:Stopping service [Tomcat]
2024-04-18 17:14:18,579 INFO  [restartedMain]  org.springframework.boot.autoconfigure.logging.ConditionEvaluationReportLoggingListener:

Error starting ApplicationContext. To display the conditions report re-run your application with 'debug' enabled.
2024-04-18 17:14:18,624 ERROR [restartedMain]  org.springframework.boot.SpringApplication:Application run failed
org.springframework.beans.factory.UnsatisfiedDependencyException: Error creating bean with name 'categoryController' defined in file [C:\Users\sadik\Desktop\kss_ambalaj\target\classes\com\kss\controller\CategoryController.class]: Unsatisfied dependency expressed through constructor parameter 0; nested exception is org.springframework.beans.factory.UnsatisfiedDependencyException: Error creating bean with name 'categoryService' defined in file [C:\Users\sadik\Desktop\kss_ambalaj\target\classes\com\kss\service\CategoryService.class]: Unsatisfied dependency expressed through constructor parameter 4; nested exception is org.springframework.beans.factory.BeanCreationException: Error creating bean with name 'userService': Injection of autowired dependencies failed; nested exception is java.lang.IllegalArgumentException: Could not resolve placeholder 'management.gamingpromarket.app.backendLink' in value "${management.gamingpromarket.app.backendLink}"
	at org.springframework.beans.factory.support.ConstructorResolver.createArgumentArray(ConstructorResolver.java:800)
	at org.springframework.beans.factory.support.ConstructorResolver.autowireConstructor(ConstructorResolver.java:229)
	at org.springframework.beans.factory.support.AbstractAutowireCapableBeanFactory.autowireConstructor(AbstractAutowireCapableBeanFactory.java:1372)
	at org.springframework.beans.factory.support.AbstractAutowireCapableBeanFactory.createBeanInstance(AbstractAutowireCapableBeanFactory.java:1222)
	at org.springframework.beans.factory.support.AbstractAutowireCapableBeanFactory.doCreateBean(AbstractAutowireCapableBeanFactory.java:582)
	at org.springframework.beans.factory.support.AbstractAutowireCapableBeanFactory.createBean(AbstractAutowireCapableBeanFactory.java:542)
	at org.springframework.beans.factory.support.AbstractBeanFactory.lambda$doGetBean$0(AbstractBeanFactory.java:335)
	at org.springframework.beans.factory.support.DefaultSingletonBeanRegistry.getSingleton(DefaultSingletonBeanRegistry.java:234)
	at org.springframework.beans.factory.support.AbstractBeanFactory.doGetBean(AbstractBeanFactory.java:333)
	at org.springframework.beans.factory.support.AbstractBeanFactory.getBean(AbstractBeanFactory.java:208)
	at org.springframework.beans.factory.support.DefaultListableBeanFactory.preInstantiateSingletons(DefaultListableBeanFactory.java:955)
	at org.springframework.context.support.AbstractApplicationContext.finishBeanFactoryInitialization(AbstractApplicationContext.java:918)
	at org.springframework.context.support.AbstractApplicationContext.refresh(AbstractApplicationContext.java:583)
	at org.springframework.boot.web.servlet.context.ServletWebServerApplicationContext.refresh(ServletWebServerApplicationContext.java:147)
	at org.springframework.boot.SpringApplication.refresh(SpringApplication.java:731)
	at org.springframework.boot.SpringApplication.refreshContext(SpringApplication.java:408)
	at org.springframework.boot.SpringApplication.run(SpringApplication.java:307)
	at org.springframework.boot.SpringApplication.run(SpringApplication.java:1303)
	at org.springframework.boot.SpringApplication.run(SpringApplication.java:1292)
	at com.kss.KssAmbalajApplication.main(KssAmbalajApplication.java:10)
	at java.base/jdk.internal.reflect.DirectMethodHandleAccessor.invoke(DirectMethodHandleAccessor.java:104)
	at java.base/java.lang.reflect.Method.invoke(Method.java:577)
	at org.springframework.boot.devtools.restart.RestartLauncher.run(RestartLauncher.java:49)
Caused by: org.springframework.beans.factory.UnsatisfiedDependencyException: Error creating bean with name 'categoryService' defined in file [C:\Users\sadik\Desktop\kss_ambalaj\target\classes\com\kss\service\CategoryService.class]: Unsatisfied dependency expressed through constructor parameter 4; nested exception is org.springframework.beans.factory.BeanCreationException: Error creating bean with name 'userService': Injection of autowired dependencies failed; nested exception is java.lang.IllegalArgumentException: Could not resolve placeholder 'management.gamingpromarket.app.backendLink' in value "${management.gamingpromarket.app.backendLink}"
	at org.springframework.beans.factory.support.ConstructorResolver.createArgumentArray(ConstructorResolver.java:800)
	at org.springframework.beans.factory.support.ConstructorResolver.autowireConstructor(ConstructorResolver.java:229)
	at org.springframework.beans.factory.support.AbstractAutowireCapableBeanFactory.autowireConstructor(AbstractAutowireCapableBeanFactory.java:1372)
	at org.springframework.beans.factory.support.AbstractAutowireCapableBeanFactory.createBeanInstance(AbstractAutowireCapableBeanFactory.java:1222)
	at org.springframework.beans.factory.support.AbstractAutowireCapableBeanFactory.doCreateBean(AbstractAutowireCapableBeanFactory.java:582)
	at org.springframework.beans.factory.support.AbstractAutowireCapableBeanFactory.createBean(AbstractAutowireCapableBeanFactory.java:542)
	at org.springframework.beans.factory.support.AbstractBeanFactory.lambda$doGetBean$0(AbstractBeanFactory.java:335)
	at org.springframework.beans.factory.support.DefaultSingletonBeanRegistry.getSingleton(DefaultSingletonBeanRegistry.java:234)
	at org.springframework.beans.factory.support.AbstractBeanFactory.doGetBean(AbstractBeanFactory.java:333)
	at org.springframework.beans.factory.support.AbstractBeanFactory.getBean(AbstractBeanFactory.java:208)
	at org.springframework.beans.factory.config.DependencyDescriptor.resolveCandidate(DependencyDescriptor.java:276)
	at org.springframework.beans.factory.support.DefaultListableBeanFactory.doResolveDependency(DefaultListableBeanFactory.java:1391)
	at org.springframework.beans.factory.support.DefaultListableBeanFactory.resolveDependency(DefaultListableBeanFactory.java:1311)
	at org.springframework.beans.factory.support.ConstructorResolver.resolveAutowiredArgument(ConstructorResolver.java:887)
	at org.springframework.beans.factory.support.ConstructorResolver.createArgumentArray(ConstructorResolver.java:791)
	... 22 common frames omitted
Caused by: org.springframework.beans.factory.BeanCreationException: Error creating bean with name 'userService': Injection of autowired dependencies failed; nested exception is java.lang.IllegalArgumentException: Could not resolve placeholder 'management.gamingpromarket.app.backendLink' in value "${management.gamingpromarket.app.backendLink}"
	at org.springframework.beans.factory.annotation.AutowiredAnnotationBeanPostProcessor.postProcessProperties(AutowiredAnnotationBeanPostProcessor.java:405)
	at org.springframework.beans.factory.support.AbstractAutowireCapableBeanFactory.populateBean(AbstractAutowireCapableBeanFactory.java:1431)
	at org.springframework.beans.factory.support.AbstractAutowireCapableBeanFactory.doCreateBean(AbstractAutowireCapableBeanFactory.java:619)
	at org.springframework.beans.factory.support.AbstractAutowireCapableBeanFactory.createBean(AbstractAutowireCapableBeanFactory.java:542)
	at org.springframework.beans.factory.support.AbstractBeanFactory.lambda$doGetBean$0(AbstractBeanFactory.java:335)
	at org.springframework.beans.factory.support.DefaultSingletonBeanRegistry.getSingleton(DefaultSingletonBeanRegistry.java:234)
	at org.springframework.beans.factory.support.AbstractBeanFactory.doGetBean(AbstractBeanFactory.java:333)
	at org.springframework.beans.factory.support.AbstractBeanFactory.getBean(AbstractBeanFactory.java:208)
	at org.springframework.beans.factory.config.DependencyDescriptor.resolveCandidate(DependencyDescriptor.java:276)
	at org.springframework.beans.factory.support.DefaultListableBeanFactory.doResolveDependency(DefaultListableBeanFactory.java:1391)
	at org.springframework.beans.factory.support.DefaultListableBeanFactory.resolveDependency(DefaultListableBeanFactory.java:1311)
	at org.springframework.beans.factory.support.ConstructorResolver.resolveAutowiredArgument(ConstructorResolver.java:887)
	at org.springframework.beans.factory.support.ConstructorResolver.createArgumentArray(ConstructorResolver.java:791)
	... 36 common frames omitted
Caused by: java.lang.IllegalArgumentException: Could not resolve placeholder 'management.gamingpromarket.app.backendLink' in value "${management.gamingpromarket.app.backendLink}"
	at org.springframework.util.PropertyPlaceholderHelper.parseStringValue(PropertyPlaceholderHelper.java:180)
	at org.springframework.util.PropertyPlaceholderHelper.replacePlaceholders(PropertyPlaceholderHelper.java:126)
	at org.springframework.core.env.AbstractPropertyResolver.doResolvePlaceholders(AbstractPropertyResolver.java:239)
	at org.springframework.core.env.AbstractPropertyResolver.resolveRequiredPlaceholders(AbstractPropertyResolver.java:210)
	at org.springframework.context.support.PropertySourcesPlaceholderConfigurer.lambda$processProperties$0(PropertySourcesPlaceholderConfigurer.java:191)
	at org.springframework.beans.factory.support.AbstractBeanFactory.resolveEmbeddedValue(AbstractBeanFactory.java:936)
	at org.springframework.beans.factory.support.DefaultListableBeanFactory.doResolveDependency(DefaultListableBeanFactory.java:1332)
	at org.springframework.beans.factory.support.DefaultListableBeanFactory.resolveDependency(DefaultListableBeanFactory.java:1311)
	at org.springframework.beans.factory.annotation.AutowiredAnnotationBeanPostProcessor$AutowiredFieldElement.resolveFieldValue(AutowiredAnnotationBeanPostProcessor.java:657)
	at org.springframework.beans.factory.annotation.AutowiredAnnotationBeanPostProcessor$AutowiredFieldElement.inject(AutowiredAnnotationBeanPostProcessor.java:640)
	at org.springframework.beans.factory.annotation.InjectionMetadata.inject(InjectionMetadata.java:119)
	at org.springframework.beans.factory.annotation.AutowiredAnnotationBeanPostProcessor.postProcessProperties(AutowiredAnnotationBeanPostProcessor.java:399)
	... 48 common frames omitted
2024-04-18 17:15:15,224 INFO  [restartedMain]  com.kss.KssAmbalajApplication:Starting KssAmbalajApplication using Java 18.0.2.1 on DESKTOP-PDIF9H6 with PID 11144 (C:\Users\sadik\Desktop\kss_ambalaj\target\classes started by sadik in C:\Users\sadik\Desktop\kss_ambalaj)
2024-04-18 17:15:15,227 INFO  [restartedMain]  com.kss.KssAmbalajApplication:No active profile set, falling back to 1 default profile: "default"
2024-04-18 17:15:15,327 INFO  [restartedMain]  org.springframework.boot.devtools.env.DevToolsPropertyDefaultsPostProcessor:Devtools property defaults active! Set 'spring.devtools.add-properties' to 'false' to disable
2024-04-18 17:15:15,327 INFO  [restartedMain]  org.springframework.boot.devtools.env.DevToolsPropertyDefaultsPostProcessor:For additional web related logging consider setting the 'logging.level.web' property to 'DEBUG'
2024-04-18 17:15:17,365 INFO  [restartedMain]  org.springframework.data.repository.config.RepositoryConfigurationDelegate:Bootstrapping Spring Data JPA repositories in DEFAULT mode.
2024-04-18 17:15:17,584 INFO  [restartedMain]  org.springframework.data.repository.config.RepositoryConfigurationDelegate:Finished Spring Data repository scanning in 201 ms. Found 17 JPA repository interfaces.
2024-04-18 17:15:18,874 INFO  [restartedMain]  org.springframework.boot.web.embedded.tomcat.TomcatWebServer:Tomcat initialized with port(s): 8080 (http)
2024-04-18 17:15:18,896 INFO  [restartedMain]  org.apache.catalina.core.StandardService:Starting service [Tomcat]
2024-04-18 17:15:18,897 INFO  [restartedMain]  org.apache.catalina.core.StandardEngine:Starting Servlet engine: [Apache Tomcat/9.0.71]
2024-04-18 17:15:19,070 INFO  [restartedMain]  org.apache.catalina.core.ContainerBase.[Tomcat].[localhost].[/]:Initializing Spring embedded WebApplicationContext
2024-04-18 17:15:19,071 INFO  [restartedMain]  org.springframework.boot.web.servlet.context.ServletWebServerApplicationContext:Root WebApplicationContext: initialization completed in 3743 ms
2024-04-18 17:15:19,596 INFO  [restartedMain]  org.hibernate.jpa.internal.util.LogHelper:HHH000204: Processing PersistenceUnitInfo [name: default]
2024-04-18 17:15:19,685 INFO  [restartedMain]  org.hibernate.Version:HHH000412: Hibernate ORM core version 5.6.14.Final
2024-04-18 17:15:19,962 INFO  [restartedMain]  org.hibernate.annotations.common.Version:HCANN000001: Hibernate Commons Annotations {5.1.2.Final}
2024-04-18 17:15:20,159 INFO  [restartedMain]  com.zaxxer.hikari.HikariDataSource:HikariPool-1 - Starting...
2024-04-18 17:15:20,619 INFO  [restartedMain]  com.zaxxer.hikari.HikariDataSource:HikariPool-1 - Start completed.
2024-04-18 17:15:20,650 INFO  [restartedMain]  org.hibernate.dialect.Dialect:HHH000400: Using dialect: org.hibernate.dialect.MySQL8Dialect
2024-04-18 17:15:22,554 INFO  [restartedMain]  org.hibernate.engine.transaction.jta.platform.internal.JtaPlatformInitiator:HHH000490: Using JtaPlatform implementation: [org.hibernate.engine.transaction.jta.platform.internal.NoJtaPlatform]
2024-04-18 17:15:22,569 INFO  [restartedMain]  org.springframework.orm.jpa.LocalContainerEntityManagerFactoryBean:Initialized JPA EntityManagerFactory for persistence unit 'default'
2024-04-18 17:15:23,820 WARN  [restartedMain]  org.springframework.boot.web.servlet.context.AnnotationConfigServletWebServerApplicationContext:Exception encountered during context initialization - cancelling refresh attempt: org.springframework.beans.factory.UnsatisfiedDependencyException: Error creating bean with name 'categoryController' defined in file [C:\Users\sadik\Desktop\kss_ambalaj\target\classes\com\kss\controller\CategoryController.class]: Unsatisfied dependency expressed through constructor parameter 0; nested exception is org.springframework.beans.factory.UnsatisfiedDependencyException: Error creating bean with name 'categoryService' defined in file [C:\Users\sadik\Desktop\kss_ambalaj\target\classes\com\kss\service\CategoryService.class]: Unsatisfied dependency expressed through constructor parameter 4; nested exception is org.springframework.beans.factory.BeanCreationException: Error creating bean with name 'userService': Injection of autowired dependencies failed; nested exception is java.lang.IllegalArgumentException: Could not resolve placeholder 'management.gamingpromarket.app.resetPasswordLink' in value "${management.gamingpromarket.app.resetPasswordLink}"
2024-04-18 17:15:23,822 INFO  [restartedMain]  org.springframework.orm.jpa.LocalContainerEntityManagerFactoryBean:Closing JPA EntityManagerFactory for persistence unit 'default'
2024-04-18 17:15:23,826 INFO  [restartedMain]  com.zaxxer.hikari.HikariDataSource:HikariPool-1 - Shutdown initiated...
2024-04-18 17:15:23,843 INFO  [restartedMain]  com.zaxxer.hikari.HikariDataSource:HikariPool-1 - Shutdown completed.
2024-04-18 17:15:23,848 INFO  [restartedMain]  org.apache.catalina.core.StandardService:Stopping service [Tomcat]
2024-04-18 17:15:23,869 INFO  [restartedMain]  org.springframework.boot.autoconfigure.logging.ConditionEvaluationReportLoggingListener:

Error starting ApplicationContext. To display the conditions report re-run your application with 'debug' enabled.
2024-04-18 17:15:23,905 ERROR [restartedMain]  org.springframework.boot.SpringApplication:Application run failed
org.springframework.beans.factory.UnsatisfiedDependencyException: Error creating bean with name 'categoryController' defined in file [C:\Users\sadik\Desktop\kss_ambalaj\target\classes\com\kss\controller\CategoryController.class]: Unsatisfied dependency expressed through constructor parameter 0; nested exception is org.springframework.beans.factory.UnsatisfiedDependencyException: Error creating bean with name 'categoryService' defined in file [C:\Users\sadik\Desktop\kss_ambalaj\target\classes\com\kss\service\CategoryService.class]: Unsatisfied dependency expressed through constructor parameter 4; nested exception is org.springframework.beans.factory.BeanCreationException: Error creating bean with name 'userService': Injection of autowired dependencies failed; nested exception is java.lang.IllegalArgumentException: Could not resolve placeholder 'management.gamingpromarket.app.resetPasswordLink' in value "${management.gamingpromarket.app.resetPasswordLink}"
	at org.springframework.beans.factory.support.ConstructorResolver.createArgumentArray(ConstructorResolver.java:800)
	at org.springframework.beans.factory.support.ConstructorResolver.autowireConstructor(ConstructorResolver.java:229)
	at org.springframework.beans.factory.support.AbstractAutowireCapableBeanFactory.autowireConstructor(AbstractAutowireCapableBeanFactory.java:1372)
	at org.springframework.beans.factory.support.AbstractAutowireCapableBeanFactory.createBeanInstance(AbstractAutowireCapableBeanFactory.java:1222)
	at org.springframework.beans.factory.support.AbstractAutowireCapableBeanFactory.doCreateBean(AbstractAutowireCapableBeanFactory.java:582)
	at org.springframework.beans.factory.support.AbstractAutowireCapableBeanFactory.createBean(AbstractAutowireCapableBeanFactory.java:542)
	at org.springframework.beans.factory.support.AbstractBeanFactory.lambda$doGetBean$0(AbstractBeanFactory.java:335)
	at org.springframework.beans.factory.support.DefaultSingletonBeanRegistry.getSingleton(DefaultSingletonBeanRegistry.java:234)
	at org.springframework.beans.factory.support.AbstractBeanFactory.doGetBean(AbstractBeanFactory.java:333)
	at org.springframework.beans.factory.support.AbstractBeanFactory.getBean(AbstractBeanFactory.java:208)
	at org.springframework.beans.factory.support.DefaultListableBeanFactory.preInstantiateSingletons(DefaultListableBeanFactory.java:955)
	at org.springframework.context.support.AbstractApplicationContext.finishBeanFactoryInitialization(AbstractApplicationContext.java:918)
	at org.springframework.context.support.AbstractApplicationContext.refresh(AbstractApplicationContext.java:583)
	at org.springframework.boot.web.servlet.context.ServletWebServerApplicationContext.refresh(ServletWebServerApplicationContext.java:147)
	at org.springframework.boot.SpringApplication.refresh(SpringApplication.java:731)
	at org.springframework.boot.SpringApplication.refreshContext(SpringApplication.java:408)
	at org.springframework.boot.SpringApplication.run(SpringApplication.java:307)
	at org.springframework.boot.SpringApplication.run(SpringApplication.java:1303)
	at org.springframework.boot.SpringApplication.run(SpringApplication.java:1292)
	at com.kss.KssAmbalajApplication.main(KssAmbalajApplication.java:10)
	at java.base/jdk.internal.reflect.DirectMethodHandleAccessor.invoke(DirectMethodHandleAccessor.java:104)
	at java.base/java.lang.reflect.Method.invoke(Method.java:577)
	at org.springframework.boot.devtools.restart.RestartLauncher.run(RestartLauncher.java:49)
Caused by: org.springframework.beans.factory.UnsatisfiedDependencyException: Error creating bean with name 'categoryService' defined in file [C:\Users\sadik\Desktop\kss_ambalaj\target\classes\com\kss\service\CategoryService.class]: Unsatisfied dependency expressed through constructor parameter 4; nested exception is org.springframework.beans.factory.BeanCreationException: Error creating bean with name 'userService': Injection of autowired dependencies failed; nested exception is java.lang.IllegalArgumentException: Could not resolve placeholder 'management.gamingpromarket.app.resetPasswordLink' in value "${management.gamingpromarket.app.resetPasswordLink}"
	at org.springframework.beans.factory.support.ConstructorResolver.createArgumentArray(ConstructorResolver.java:800)
	at org.springframework.beans.factory.support.ConstructorResolver.autowireConstructor(ConstructorResolver.java:229)
	at org.springframework.beans.factory.support.AbstractAutowireCapableBeanFactory.autowireConstructor(AbstractAutowireCapableBeanFactory.java:1372)
	at org.springframework.beans.factory.support.AbstractAutowireCapableBeanFactory.createBeanInstance(AbstractAutowireCapableBeanFactory.java:1222)
	at org.springframework.beans.factory.support.AbstractAutowireCapableBeanFactory.doCreateBean(AbstractAutowireCapableBeanFactory.java:582)
	at org.springframework.beans.factory.support.AbstractAutowireCapableBeanFactory.createBean(AbstractAutowireCapableBeanFactory.java:542)
	at org.springframework.beans.factory.support.AbstractBeanFactory.lambda$doGetBean$0(AbstractBeanFactory.java:335)
	at org.springframework.beans.factory.support.DefaultSingletonBeanRegistry.getSingleton(DefaultSingletonBeanRegistry.java:234)
	at org.springframework.beans.factory.support.AbstractBeanFactory.doGetBean(AbstractBeanFactory.java:333)
	at org.springframework.beans.factory.support.AbstractBeanFactory.getBean(AbstractBeanFactory.java:208)
	at org.springframework.beans.factory.config.DependencyDescriptor.resolveCandidate(DependencyDescriptor.java:276)
	at org.springframework.beans.factory.support.DefaultListableBeanFactory.doResolveDependency(DefaultListableBeanFactory.java:1391)
	at org.springframework.beans.factory.support.DefaultListableBeanFactory.resolveDependency(DefaultListableBeanFactory.java:1311)
	at org.springframework.beans.factory.support.ConstructorResolver.resolveAutowiredArgument(ConstructorResolver.java:887)
	at org.springframework.beans.factory.support.ConstructorResolver.createArgumentArray(ConstructorResolver.java:791)
	... 22 common frames omitted
Caused by: org.springframework.beans.factory.BeanCreationException: Error creating bean with name 'userService': Injection of autowired dependencies failed; nested exception is java.lang.IllegalArgumentException: Could not resolve placeholder 'management.gamingpromarket.app.resetPasswordLink' in value "${management.gamingpromarket.app.resetPasswordLink}"
	at org.springframework.beans.factory.annotation.AutowiredAnnotationBeanPostProcessor.postProcessProperties(AutowiredAnnotationBeanPostProcessor.java:405)
	at org.springframework.beans.factory.support.AbstractAutowireCapableBeanFactory.populateBean(AbstractAutowireCapableBeanFactory.java:1431)
	at org.springframework.beans.factory.support.AbstractAutowireCapableBeanFactory.doCreateBean(AbstractAutowireCapableBeanFactory.java:619)
	at org.springframework.beans.factory.support.AbstractAutowireCapableBeanFactory.createBean(AbstractAutowireCapableBeanFactory.java:542)
	at org.springframework.beans.factory.support.AbstractBeanFactory.lambda$doGetBean$0(AbstractBeanFactory.java:335)
	at org.springframework.beans.factory.support.DefaultSingletonBeanRegistry.getSingleton(DefaultSingletonBeanRegistry.java:234)
	at org.springframework.beans.factory.support.AbstractBeanFactory.doGetBean(AbstractBeanFactory.java:333)
	at org.springframework.beans.factory.support.AbstractBeanFactory.getBean(AbstractBeanFactory.java:208)
	at org.springframework.beans.factory.config.DependencyDescriptor.resolveCandidate(DependencyDescriptor.java:276)
	at org.springframework.beans.factory.support.DefaultListableBeanFactory.doResolveDependency(DefaultListableBeanFactory.java:1391)
	at org.springframework.beans.factory.support.DefaultListableBeanFactory.resolveDependency(DefaultListableBeanFactory.java:1311)
	at org.springframework.beans.factory.support.ConstructorResolver.resolveAutowiredArgument(ConstructorResolver.java:887)
	at org.springframework.beans.factory.support.ConstructorResolver.createArgumentArray(ConstructorResolver.java:791)
	... 36 common frames omitted
Caused by: java.lang.IllegalArgumentException: Could not resolve placeholder 'management.gamingpromarket.app.resetPasswordLink' in value "${management.gamingpromarket.app.resetPasswordLink}"
	at org.springframework.util.PropertyPlaceholderHelper.parseStringValue(PropertyPlaceholderHelper.java:180)
	at org.springframework.util.PropertyPlaceholderHelper.replacePlaceholders(PropertyPlaceholderHelper.java:126)
	at org.springframework.core.env.AbstractPropertyResolver.doResolvePlaceholders(AbstractPropertyResolver.java:239)
	at org.springframework.core.env.AbstractPropertyResolver.resolveRequiredPlaceholders(AbstractPropertyResolver.java:210)
	at org.springframework.context.support.PropertySourcesPlaceholderConfigurer.lambda$processProperties$0(PropertySourcesPlaceholderConfigurer.java:191)
	at org.springframework.beans.factory.support.AbstractBeanFactory.resolveEmbeddedValue(AbstractBeanFactory.java:936)
	at org.springframework.beans.factory.support.DefaultListableBeanFactory.doResolveDependency(DefaultListableBeanFactory.java:1332)
	at org.springframework.beans.factory.support.DefaultListableBeanFactory.resolveDependency(DefaultListableBeanFactory.java:1311)
	at org.springframework.beans.factory.annotation.AutowiredAnnotationBeanPostProcessor$AutowiredFieldElement.resolveFieldValue(AutowiredAnnotationBeanPostProcessor.java:657)
	at org.springframework.beans.factory.annotation.AutowiredAnnotationBeanPostProcessor$AutowiredFieldElement.inject(AutowiredAnnotationBeanPostProcessor.java:640)
	at org.springframework.beans.factory.annotation.InjectionMetadata.inject(InjectionMetadata.java:119)
	at org.springframework.beans.factory.annotation.AutowiredAnnotationBeanPostProcessor.postProcessProperties(AutowiredAnnotationBeanPostProcessor.java:399)
	... 48 common frames omitted
2024-04-18 17:17:01,203 INFO  [restartedMain]  com.kss.KssAmbalajApplication:Starting KssAmbalajApplication using Java 18.0.2.1 on DESKTOP-PDIF9H6 with PID 13052 (C:\Users\sadik\Desktop\kss_ambalaj\target\classes started by sadik in C:\Users\sadik\Desktop\kss_ambalaj)
2024-04-18 17:17:01,206 INFO  [restartedMain]  com.kss.KssAmbalajApplication:No active profile set, falling back to 1 default profile: "default"
2024-04-18 17:17:01,295 INFO  [restartedMain]  org.springframework.boot.devtools.env.DevToolsPropertyDefaultsPostProcessor:Devtools property defaults active! Set 'spring.devtools.add-properties' to 'false' to disable
2024-04-18 17:17:01,295 INFO  [restartedMain]  org.springframework.boot.devtools.env.DevToolsPropertyDefaultsPostProcessor:For additional web related logging consider setting the 'logging.level.web' property to 'DEBUG'
2024-04-18 17:17:03,273 INFO  [restartedMain]  org.springframework.data.repository.config.RepositoryConfigurationDelegate:Bootstrapping Spring Data JPA repositories in DEFAULT mode.
2024-04-18 17:17:03,504 INFO  [restartedMain]  org.springframework.data.repository.config.RepositoryConfigurationDelegate:Finished Spring Data repository scanning in 216 ms. Found 17 JPA repository interfaces.
2024-04-18 17:17:04,568 INFO  [restartedMain]  org.springframework.boot.web.embedded.tomcat.TomcatWebServer:Tomcat initialized with port(s): 8080 (http)
2024-04-18 17:17:04,583 INFO  [restartedMain]  org.apache.catalina.core.StandardService:Starting service [Tomcat]
2024-04-18 17:17:04,584 INFO  [restartedMain]  org.apache.catalina.core.StandardEngine:Starting Servlet engine: [Apache Tomcat/9.0.71]
2024-04-18 17:17:04,741 INFO  [restartedMain]  org.apache.catalina.core.ContainerBase.[Tomcat].[localhost].[/]:Initializing Spring embedded WebApplicationContext
2024-04-18 17:17:04,742 INFO  [restartedMain]  org.springframework.boot.web.servlet.context.ServletWebServerApplicationContext:Root WebApplicationContext: initialization completed in 3446 ms
2024-04-18 17:17:05,278 INFO  [restartedMain]  org.hibernate.jpa.internal.util.LogHelper:HHH000204: Processing PersistenceUnitInfo [name: default]
2024-04-18 17:17:05,371 INFO  [restartedMain]  org.hibernate.Version:HHH000412: Hibernate ORM core version 5.6.14.Final
2024-04-18 17:17:05,637 INFO  [restartedMain]  org.hibernate.annotations.common.Version:HCANN000001: Hibernate Commons Annotations {5.1.2.Final}
2024-04-18 17:17:05,815 INFO  [restartedMain]  com.zaxxer.hikari.HikariDataSource:HikariPool-1 - Starting...
2024-04-18 17:17:06,267 INFO  [restartedMain]  com.zaxxer.hikari.HikariDataSource:HikariPool-1 - Start completed.
2024-04-18 17:17:06,296 INFO  [restartedMain]  org.hibernate.dialect.Dialect:HHH000400: Using dialect: org.hibernate.dialect.MySQL8Dialect
2024-04-18 17:17:08,230 INFO  [restartedMain]  org.hibernate.engine.transaction.jta.platform.internal.JtaPlatformInitiator:HHH000490: Using JtaPlatform implementation: [org.hibernate.engine.transaction.jta.platform.internal.NoJtaPlatform]
2024-04-18 17:17:08,246 INFO  [restartedMain]  org.springframework.orm.jpa.LocalContainerEntityManagerFactoryBean:Initialized JPA EntityManagerFactory for persistence unit 'default'
2024-04-18 17:17:10,339 INFO  [restartedMain]  org.springframework.security.web.DefaultSecurityFilterChain:Will secure any request with [org.springframework.security.web.session.DisableEncodeUrlFilter@7d2bd54f, org.springframework.security.web.context.request.async.WebAsyncManagerIntegrationFilter@2045027a, org.springframework.security.web.context.SecurityContextPersistenceFilter@3f39ab46, org.springframework.security.web.header.HeaderWriterFilter@cd2249, org.springframework.security.web.authentication.logout.LogoutFilter@192be074, com.kss.security.AuthTokenFilter@21192b89, org.springframework.security.web.savedrequest.RequestCacheAwareFilter@583dc36, org.springframework.security.web.servletapi.SecurityContextHolderAwareRequestFilter@68f969cb, org.springframework.security.web.authentication.AnonymousAuthenticationFilter@710fc959, org.springframework.security.web.session.SessionManagementFilter@7cbdf6, org.springframework.security.web.access.ExceptionTranslationFilter@7382d3a7, org.springframework.security.web.access.intercept.FilterSecurityInterceptor@1ca8337b]
2024-04-18 17:17:10,603 WARN  [restartedMain]  org.springframework.boot.autoconfigure.orm.jpa.JpaBaseConfiguration$JpaWebConfiguration:spring.jpa.open-in-view is enabled by default. Therefore, database queries may be performed during view rendering. Explicitly configure spring.jpa.open-in-view to disable this warning
2024-04-18 17:17:12,473 WARN  [restartedMain]  org.springframework.security.config.annotation.web.builders.WebSecurity:You are asking Spring Security to ignore Ant [pattern='/v3/api-docs/**']. This is not recommended -- please use permitAll via HttpSecurity#authorizeHttpRequests instead.
2024-04-18 17:17:12,473 INFO  [restartedMain]  org.springframework.security.web.DefaultSecurityFilterChain:Will not secure Ant [pattern='/v3/api-docs/**']
2024-04-18 17:17:12,474 WARN  [restartedMain]  org.springframework.security.config.annotation.web.builders.WebSecurity:You are asking Spring Security to ignore Ant [pattern='swagger-ui.html']. This is not recommended -- please use permitAll via HttpSecurity#authorizeHttpRequests instead.
2024-04-18 17:17:12,474 INFO  [restartedMain]  org.springframework.security.web.DefaultSecurityFilterChain:Will not secure Ant [pattern='swagger-ui.html']
2024-04-18 17:17:12,475 WARN  [restartedMain]  org.springframework.security.config.annotation.web.builders.WebSecurity:You are asking Spring Security to ignore Ant [pattern='/swagger-ui/**']. This is not recommended -- please use permitAll via HttpSecurity#authorizeHttpRequests instead.
2024-04-18 17:17:12,475 INFO  [restartedMain]  org.springframework.security.web.DefaultSecurityFilterChain:Will not secure Ant [pattern='/swagger-ui/**']
2024-04-18 17:17:12,475 WARN  [restartedMain]  org.springframework.security.config.annotation.web.builders.WebSecurity:You are asking Spring Security to ignore Ant [pattern='/']. This is not recommended -- please use permitAll via HttpSecurity#authorizeHttpRequests instead.
2024-04-18 17:17:12,475 INFO  [restartedMain]  org.springframework.security.web.DefaultSecurityFilterChain:Will not secure Ant [pattern='/']
2024-04-18 17:17:12,475 WARN  [restartedMain]  org.springframework.security.config.annotation.web.builders.WebSecurity:You are asking Spring Security to ignore Ant [pattern='index.html']. This is not recommended -- please use permitAll via HttpSecurity#authorizeHttpRequests instead.
2024-04-18 17:17:12,475 INFO  [restartedMain]  org.springframework.security.web.DefaultSecurityFilterChain:Will not secure Ant [pattern='index.html']
2024-04-18 17:17:12,476 WARN  [restartedMain]  org.springframework.security.config.annotation.web.builders.WebSecurity:You are asking Spring Security to ignore Ant [pattern='/images/**']. This is not recommended -- please use permitAll via HttpSecurity#authorizeHttpRequests instead.
2024-04-18 17:17:12,476 INFO  [restartedMain]  org.springframework.security.web.DefaultSecurityFilterChain:Will not secure Ant [pattern='/images/**']
2024-04-18 17:17:12,476 WARN  [restartedMain]  org.springframework.security.config.annotation.web.builders.WebSecurity:You are asking Spring Security to ignore Ant [pattern='/css/**']. This is not recommended -- please use permitAll via HttpSecurity#authorizeHttpRequests instead.
2024-04-18 17:17:12,477 INFO  [restartedMain]  org.springframework.security.web.DefaultSecurityFilterChain:Will not secure Ant [pattern='/css/**']
2024-04-18 17:17:12,477 WARN  [restartedMain]  org.springframework.security.config.annotation.web.builders.WebSecurity:You are asking Spring Security to ignore Ant [pattern='/js/**']. This is not recommended -- please use permitAll via HttpSecurity#authorizeHttpRequests instead.
2024-04-18 17:17:12,477 INFO  [restartedMain]  org.springframework.security.web.DefaultSecurityFilterChain:Will not secure Ant [pattern='/js/**']
2024-04-18 17:17:12,614 INFO  [restartedMain]  org.springframework.boot.devtools.autoconfigure.OptionalLiveReloadServer:LiveReload server is running on port 35729
2024-04-18 17:17:12,630 INFO  [restartedMain]  org.springframework.boot.actuate.endpoint.web.EndpointLinksResolver:Exposing 15 endpoint(s) beneath base path '/actuator'
2024-04-18 17:17:12,817 INFO  [restartedMain]  org.springframework.boot.web.embedded.tomcat.TomcatWebServer:Tomcat started on port(s): 8080 (http) with context path ''
2024-04-18 17:17:12,848 INFO  [restartedMain]  com.kss.KssAmbalajApplication:Started KssAmbalajApplication in 12.433 seconds (JVM running for 13.95)
2024-04-18 17:17:13,532 INFO  [RMI TCP Connection(1)-127.0.0.1]  org.apache.catalina.core.ContainerBase.[Tomcat].[localhost].[/]:Initializing Spring DispatcherServlet 'dispatcherServlet'
2024-04-18 17:17:13,624 WARN  [RMI TCP Connection(2)-127.0.0.1]  org.springframework.boot.actuate.mail.MailHealthIndicator:Mail health check failed
com.sun.mail.util.MailConnectException: Couldn't connect to host, port: smtp.gmail.com, 587; timeout -1
	at com.sun.mail.smtp.SMTPTransport.openServer(SMTPTransport.java:2210)
	at com.sun.mail.smtp.SMTPTransport.protocolConnect(SMTPTransport.java:722)
	at javax.mail.Service.connect(Service.java:342)
	at org.springframework.mail.javamail.JavaMailSenderImpl.connectTransport(JavaMailSenderImpl.java:518)
	at org.springframework.mail.javamail.JavaMailSenderImpl.testConnection(JavaMailSenderImpl.java:398)
	at org.springframework.boot.actuate.mail.MailHealthIndicator.doHealthCheck(MailHealthIndicator.java:42)
	at org.springframework.boot.actuate.health.AbstractHealthIndicator.health(AbstractHealthIndicator.java:82)
	at org.springframework.boot.actuate.health.HealthIndicator.getHealth(HealthIndicator.java:37)
	at org.springframework.boot.actuate.health.HealthEndpoint.getHealth(HealthEndpoint.java:94)
	at org.springframework.boot.actuate.health.HealthEndpoint.getHealth(HealthEndpoint.java:41)
	at org.springframework.boot.actuate.health.HealthEndpointSupport.getLoggedHealth(HealthEndpointSupport.java:172)
	at org.springframework.boot.actuate.health.HealthEndpointSupport.getContribution(HealthEndpointSupport.java:145)
	at org.springframework.boot.actuate.health.HealthEndpointSupport.getAggregateContribution(HealthEndpointSupport.java:156)
	at org.springframework.boot.actuate.health.HealthEndpointSupport.getContribution(HealthEndpointSupport.java:141)
	at org.springframework.boot.actuate.health.HealthEndpointSupport.getHealth(HealthEndpointSupport.java:110)
	at org.springframework.boot.actuate.health.HealthEndpointSupport.getHealth(HealthEndpointSupport.java:81)
	at org.springframework.boot.actuate.health.HealthEndpoint.health(HealthEndpoint.java:88)
	at org.springframework.boot.actuate.health.HealthEndpoint.health(HealthEndpoint.java:78)
	at java.base/jdk.internal.reflect.DirectMethodHandleAccessor.invoke(DirectMethodHandleAccessor.java:104)
	at java.base/java.lang.reflect.Method.invoke(Method.java:577)
	at org.springframework.util.ReflectionUtils.invokeMethod(ReflectionUtils.java:282)
	at org.springframework.boot.actuate.endpoint.invoke.reflect.ReflectiveOperationInvoker.invoke(ReflectiveOperationInvoker.java:74)
	at org.springframework.boot.actuate.endpoint.annotation.AbstractDiscoveredOperation.invoke(AbstractDiscoveredOperation.java:60)
	at org.springframework.boot.actuate.endpoint.jmx.EndpointMBean.invoke(EndpointMBean.java:122)
	at org.springframework.boot.actuate.endpoint.jmx.EndpointMBean.invoke(EndpointMBean.java:97)
	at java.management/com.sun.jmx.interceptor.DefaultMBeanServerInterceptor.invoke(DefaultMBeanServerInterceptor.java:811)
	at java.management/com.sun.jmx.mbeanserver.JmxMBeanServer.invoke(JmxMBeanServer.java:802)
	at java.management.rmi/javax.management.remote.rmi.RMIConnectionImpl.doOperation(RMIConnectionImpl.java:1472)
	at java.management.rmi/javax.management.remote.rmi.RMIConnectionImpl$PrivilegedOperation.run(RMIConnectionImpl.java:1310)
	at java.management.rmi/javax.management.remote.rmi.RMIConnectionImpl.doPrivilegedOperation(RMIConnectionImpl.java:1405)
	at java.management.rmi/javax.management.remote.rmi.RMIConnectionImpl.invoke(RMIConnectionImpl.java:829)
	at java.base/jdk.internal.reflect.DirectMethodHandleAccessor.invoke(DirectMethodHandleAccessor.java:104)
	at java.base/java.lang.reflect.Method.invoke(Method.java:577)
	at java.rmi/sun.rmi.server.UnicastServerRef.dispatch(UnicastServerRef.java:360)
	at java.rmi/sun.rmi.transport.Transport$1.run(Transport.java:200)
	at java.rmi/sun.rmi.transport.Transport$1.run(Transport.java:197)
	at java.base/java.security.AccessController.doPrivileged(AccessController.java:712)
	at java.rmi/sun.rmi.transport.Transport.serviceCall(Transport.java:196)
	at java.rmi/sun.rmi.transport.tcp.TCPTransport.handleMessages(TCPTransport.java:598)
	at java.rmi/sun.rmi.transport.tcp.TCPTransport$ConnectionHandler.run0(TCPTransport.java:844)
	at java.rmi/sun.rmi.transport.tcp.TCPTransport$ConnectionHandler.lambda$run$0(TCPTransport.java:721)
	at java.base/java.security.AccessController.doPrivileged(AccessController.java:399)
	at java.rmi/sun.rmi.transport.tcp.TCPTransport$ConnectionHandler.run(TCPTransport.java:720)
	at java.base/java.util.concurrent.ThreadPoolExecutor.runWorker(ThreadPoolExecutor.java:1136)
	at java.base/java.util.concurrent.ThreadPoolExecutor$Worker.run(ThreadPoolExecutor.java:635)
	at java.base/java.lang.Thread.run(Thread.java:833)
Caused by: java.net.UnknownHostException: smtp.gmail.com
	at java.base/sun.nio.ch.NioSocketImpl.connect(NioSocketImpl.java:564)
	at java.base/java.net.SocksSocketImpl.connect(SocksSocketImpl.java:327)
	at java.base/java.net.Socket.connect(Socket.java:633)
	at java.base/java.net.Socket.connect(Socket.java:583)
	at com.sun.mail.util.SocketFetcher.createSocket(SocketFetcher.java:335)
	at com.sun.mail.util.SocketFetcher.getSocket(SocketFetcher.java:214)
	at com.sun.mail.smtp.SMTPTransport.openServer(SMTPTransport.java:2160)
	... 45 common frames omitted
2024-04-18 17:19:56,782 INFO  [SpringApplicationShutdownHook]  org.springframework.orm.jpa.LocalContainerEntityManagerFactoryBean:Closing JPA EntityManagerFactory for persistence unit 'default'
2024-04-18 17:19:56,913 INFO  [SpringApplicationShutdownHook]  com.zaxxer.hikari.HikariDataSource:HikariPool-1 - Shutdown initiated...
2024-04-18 17:19:57,043 INFO  [SpringApplicationShutdownHook]  com.zaxxer.hikari.HikariDataSource:HikariPool-1 - Shutdown completed.
2024-04-18 17:20:12,232 INFO  [restartedMain]  com.kss.KssAmbalajApplication:Starting KssAmbalajApplication using Java 18.0.2.1 on DESKTOP-PDIF9H6 with PID 2296 (C:\Users\sadik\Desktop\kss_ambalaj\target\classes started by sadik in C:\Users\sadik\Desktop\kss_ambalaj)
2024-04-18 17:20:12,237 INFO  [restartedMain]  com.kss.KssAmbalajApplication:No active profile set, falling back to 1 default profile: "default"
2024-04-18 17:20:12,370 INFO  [restartedMain]  org.springframework.boot.devtools.env.DevToolsPropertyDefaultsPostProcessor:Devtools property defaults active! Set 'spring.devtools.add-properties' to 'false' to disable
2024-04-18 17:20:12,371 INFO  [restartedMain]  org.springframework.boot.devtools.env.DevToolsPropertyDefaultsPostProcessor:For additional web related logging consider setting the 'logging.level.web' property to 'DEBUG'
2024-04-18 17:20:14,722 INFO  [restartedMain]  org.springframework.data.repository.config.RepositoryConfigurationDelegate:Bootstrapping Spring Data JPA repositories in DEFAULT mode.
2024-04-18 17:20:14,971 INFO  [restartedMain]  org.springframework.data.repository.config.RepositoryConfigurationDelegate:Finished Spring Data repository scanning in 234 ms. Found 17 JPA repository interfaces.
2024-04-18 17:20:16,248 INFO  [restartedMain]  org.springframework.boot.web.embedded.tomcat.TomcatWebServer:Tomcat initialized with port(s): 8080 (http)
2024-04-18 17:20:16,267 INFO  [restartedMain]  org.apache.catalina.core.StandardService:Starting service [Tomcat]
2024-04-18 17:20:16,268 INFO  [restartedMain]  org.apache.catalina.core.StandardEngine:Starting Servlet engine: [Apache Tomcat/9.0.71]
2024-04-18 17:20:16,515 INFO  [restartedMain]  org.apache.catalina.core.ContainerBase.[Tomcat].[localhost].[/]:Initializing Spring embedded WebApplicationContext
2024-04-18 17:20:16,516 INFO  [restartedMain]  org.springframework.boot.web.servlet.context.ServletWebServerApplicationContext:Root WebApplicationContext: initialization completed in 4144 ms
2024-04-18 17:20:17,051 INFO  [restartedMain]  org.hibernate.jpa.internal.util.LogHelper:HHH000204: Processing PersistenceUnitInfo [name: default]
2024-04-18 17:20:17,180 INFO  [restartedMain]  org.hibernate.Version:HHH000412: Hibernate ORM core version 5.6.14.Final
2024-04-18 17:20:17,466 INFO  [restartedMain]  org.hibernate.annotations.common.Version:HCANN000001: Hibernate Commons Annotations {5.1.2.Final}
2024-04-18 17:20:17,663 INFO  [restartedMain]  com.zaxxer.hikari.HikariDataSource:HikariPool-1 - Starting...
2024-04-18 17:20:18,267 INFO  [restartedMain]  com.zaxxer.hikari.HikariDataSource:HikariPool-1 - Start completed.
2024-04-18 17:20:18,300 INFO  [restartedMain]  org.hibernate.dialect.Dialect:HHH000400: Using dialect: org.hibernate.dialect.MySQL8Dialect
2024-04-18 17:20:20,574 INFO  [restartedMain]  org.hibernate.engine.transaction.jta.platform.internal.JtaPlatformInitiator:HHH000490: Using JtaPlatform implementation: [org.hibernate.engine.transaction.jta.platform.internal.NoJtaPlatform]
2024-04-18 17:20:20,593 INFO  [restartedMain]  org.springframework.orm.jpa.LocalContainerEntityManagerFactoryBean:Initialized JPA EntityManagerFactory for persistence unit 'default'
2024-04-18 17:20:22,729 INFO  [restartedMain]  org.springframework.security.web.DefaultSecurityFilterChain:Will secure any request with [org.springframework.security.web.session.DisableEncodeUrlFilter@7df3ad80, org.springframework.security.web.context.request.async.WebAsyncManagerIntegrationFilter@5b76567d, org.springframework.security.web.context.SecurityContextPersistenceFilter@1b52ee50, org.springframework.security.web.header.HeaderWriterFilter@7dde2068, org.springframework.security.web.authentication.logout.LogoutFilter@5569f171, com.kss.security.AuthTokenFilter@6a6ae404, org.springframework.security.web.savedrequest.RequestCacheAwareFilter@72145095, org.springframework.security.web.servletapi.SecurityContextHolderAwareRequestFilter@72f59333, org.springframework.security.web.authentication.AnonymousAuthenticationFilter@3cbfdb1b, org.springframework.security.web.session.SessionManagementFilter@30cff404, org.springframework.security.web.access.ExceptionTranslationFilter@6e78e7c4, org.springframework.security.web.access.intercept.FilterSecurityInterceptor@5d9f7794]
2024-04-18 17:20:22,945 WARN  [restartedMain]  org.springframework.boot.autoconfigure.orm.jpa.JpaBaseConfiguration$JpaWebConfiguration:spring.jpa.open-in-view is enabled by default. Therefore, database queries may be performed during view rendering. Explicitly configure spring.jpa.open-in-view to disable this warning
2024-04-18 17:20:25,239 WARN  [restartedMain]  org.springframework.security.config.annotation.web.builders.WebSecurity:You are asking Spring Security to ignore Ant [pattern='/v3/api-docs/**']. This is not recommended -- please use permitAll via HttpSecurity#authorizeHttpRequests instead.
2024-04-18 17:20:25,240 INFO  [restartedMain]  org.springframework.security.web.DefaultSecurityFilterChain:Will not secure Ant [pattern='/v3/api-docs/**']
2024-04-18 17:20:25,241 WARN  [restartedMain]  org.springframework.security.config.annotation.web.builders.WebSecurity:You are asking Spring Security to ignore Ant [pattern='swagger-ui.html']. This is not recommended -- please use permitAll via HttpSecurity#authorizeHttpRequests instead.
2024-04-18 17:20:25,241 INFO  [restartedMain]  org.springframework.security.web.DefaultSecurityFilterChain:Will not secure Ant [pattern='swagger-ui.html']
2024-04-18 17:20:25,241 WARN  [restartedMain]  org.springframework.security.config.annotation.web.builders.WebSecurity:You are asking Spring Security to ignore Ant [pattern='/swagger-ui/**']. This is not recommended -- please use permitAll via HttpSecurity#authorizeHttpRequests instead.
2024-04-18 17:20:25,241 INFO  [restartedMain]  org.springframework.security.web.DefaultSecurityFilterChain:Will not secure Ant [pattern='/swagger-ui/**']
2024-04-18 17:20:25,241 WARN  [restartedMain]  org.springframework.security.config.annotation.web.builders.WebSecurity:You are asking Spring Security to ignore Ant [pattern='/']. This is not recommended -- please use permitAll via HttpSecurity#authorizeHttpRequests instead.
2024-04-18 17:20:25,242 INFO  [restartedMain]  org.springframework.security.web.DefaultSecurityFilterChain:Will not secure Ant [pattern='/']
2024-04-18 17:20:25,242 WARN  [restartedMain]  org.springframework.security.config.annotation.web.builders.WebSecurity:You are asking Spring Security to ignore Ant [pattern='index.html']. This is not recommended -- please use permitAll via HttpSecurity#authorizeHttpRequests instead.
2024-04-18 17:20:25,242 INFO  [restartedMain]  org.springframework.security.web.DefaultSecurityFilterChain:Will not secure Ant [pattern='index.html']
2024-04-18 17:20:25,242 WARN  [restartedMain]  org.springframework.security.config.annotation.web.builders.WebSecurity:You are asking Spring Security to ignore Ant [pattern='/images/**']. This is not recommended -- please use permitAll via HttpSecurity#authorizeHttpRequests instead.
2024-04-18 17:20:25,243 INFO  [restartedMain]  org.springframework.security.web.DefaultSecurityFilterChain:Will not secure Ant [pattern='/images/**']
2024-04-18 17:20:25,243 WARN  [restartedMain]  org.springframework.security.config.annotation.web.builders.WebSecurity:You are asking Spring Security to ignore Ant [pattern='/css/**']. This is not recommended -- please use permitAll via HttpSecurity#authorizeHttpRequests instead.
2024-04-18 17:20:25,243 INFO  [restartedMain]  org.springframework.security.web.DefaultSecurityFilterChain:Will not secure Ant [pattern='/css/**']
2024-04-18 17:20:25,243 WARN  [restartedMain]  org.springframework.security.config.annotation.web.builders.WebSecurity:You are asking Spring Security to ignore Ant [pattern='/js/**']. This is not recommended -- please use permitAll via HttpSecurity#authorizeHttpRequests instead.
2024-04-18 17:20:25,243 INFO  [restartedMain]  org.springframework.security.web.DefaultSecurityFilterChain:Will not secure Ant [pattern='/js/**']
2024-04-18 17:20:25,358 INFO  [restartedMain]  org.springframework.boot.devtools.autoconfigure.OptionalLiveReloadServer:LiveReload server is running on port 35729
2024-04-18 17:20:25,366 INFO  [restartedMain]  org.springframework.boot.actuate.endpoint.web.EndpointLinksResolver:Exposing 15 endpoint(s) beneath base path '/actuator'
2024-04-18 17:20:25,483 INFO  [restartedMain]  org.springframework.boot.web.embedded.tomcat.TomcatWebServer:Tomcat started on port(s): 8080 (http) with context path ''
2024-04-18 17:20:25,505 INFO  [restartedMain]  com.kss.KssAmbalajApplication:Started KssAmbalajApplication in 14.403 seconds (JVM running for 17.27)
2024-04-18 17:20:49,460 INFO  [SpringApplicationShutdownHook]  org.springframework.orm.jpa.LocalContainerEntityManagerFactoryBean:Closing JPA EntityManagerFactory for persistence unit 'default'
2024-04-18 17:20:49,466 INFO  [SpringApplicationShutdownHook]  com.zaxxer.hikari.HikariDataSource:HikariPool-1 - Shutdown initiated...
2024-04-18 17:20:49,489 INFO  [SpringApplicationShutdownHook]  com.zaxxer.hikari.HikariDataSource:HikariPool-1 - Shutdown completed.
