2024-07-12 18:10:28,936 INFO  [restartedMain]  com.kss.KssAmbalajApplication:Starting KssAmbalajApplication using Java 18.0.2.1 on DESKTOP-PDIF9H6 with PID 1948 (C:\Users\sadik\Desktop\kss_ambalaj\target\classes started by sadik in C:\Users\sadik\Desktop\kss_ambalaj)
2024-07-12 18:10:28,938 INFO  [restartedMain]  com.kss.KssAmbalajApplication:The following 1 profile is active: "dev"
2024-07-12 18:10:29,041 INFO  [restartedMain]  org.springframework.boot.devtools.env.DevToolsPropertyDefaultsPostProcessor:Devtools property defaults active! Set 'spring.devtools.add-properties' to 'false' to disable
2024-07-12 18:10:29,041 INFO  [restartedMain]  org.springframework.boot.devtools.env.DevToolsPropertyDefaultsPostProcessor:For additional web related logging consider setting the 'logging.level.web' property to 'DEBUG'
2024-07-12 18:10:31,475 INFO  [restartedMain]  org.springframework.data.repository.config.RepositoryConfigurationDelegate:Bootstrapping Spring Data JPA repositories in DEFAULT mode.
2024-07-12 18:10:31,745 INFO  [restartedMain]  org.springframework.data.repository.config.RepositoryConfigurationDelegate:Finished Spring Data repository scanning in 251 ms. Found 19 JPA repository interfaces.
2024-07-12 18:10:32,933 INFO  [restartedMain]  org.springframework.boot.web.embedded.tomcat.TomcatWebServer:Tomcat initialized with port(s): 8080 (http)
2024-07-12 18:10:32,951 INFO  [restartedMain]  org.apache.catalina.core.StandardService:Starting service [Tomcat]
2024-07-12 18:10:32,951 INFO  [restartedMain]  org.apache.catalina.core.StandardEngine:Starting Servlet engine: [Apache Tomcat/9.0.71]
2024-07-12 18:10:33,105 INFO  [restartedMain]  org.apache.catalina.core.ContainerBase.[Tomcat].[localhost].[/]:Initializing Spring embedded WebApplicationContext
2024-07-12 18:10:33,106 INFO  [restartedMain]  org.springframework.boot.web.servlet.context.ServletWebServerApplicationContext:Root WebApplicationContext: initialization completed in 4063 ms
2024-07-12 18:10:33,587 INFO  [restartedMain]  org.hibernate.jpa.internal.util.LogHelper:HHH000204: Processing PersistenceUnitInfo [name: default]
2024-07-12 18:10:33,716 INFO  [restartedMain]  org.hibernate.Version:HHH000412: Hibernate ORM core version 5.6.14.Final
2024-07-12 18:10:34,025 INFO  [restartedMain]  org.hibernate.annotations.common.Version:HCANN000001: Hibernate Commons Annotations {5.1.2.Final}
2024-07-12 18:10:34,216 INFO  [restartedMain]  com.zaxxer.hikari.HikariDataSource:HikariPool-1 - Starting...
2024-07-12 18:10:34,549 INFO  [restartedMain]  com.zaxxer.hikari.HikariDataSource:HikariPool-1 - Start completed.
2024-07-12 18:10:34,584 INFO  [restartedMain]  org.hibernate.dialect.Dialect:HHH000400: Using dialect: org.hibernate.dialect.PostgreSQLDialect
2024-07-12 18:10:36,454 INFO  [restartedMain]  org.hibernate.orm.connections.access:HHH10001501: Connection obtained from JdbcConnectionAccess [org.hibernate.engine.jdbc.env.internal.JdbcEnvironmentInitiator$ConnectionProviderJdbcConnectionAccess@4b352082] for (non-JTA) DDL execution was not in auto-commit mode; the Connection 'local transaction' will be committed and the Connection will be set into auto-commit mode.
2024-07-12 18:10:37,034 INFO  [restartedMain]  org.hibernate.engine.transaction.jta.platform.internal.JtaPlatformInitiator:HHH000490: Using JtaPlatform implementation: [org.hibernate.engine.transaction.jta.platform.internal.NoJtaPlatform]
2024-07-12 18:10:37,050 INFO  [restartedMain]  org.springframework.orm.jpa.LocalContainerEntityManagerFactoryBean:Initialized JPA EntityManagerFactory for persistence unit 'default'
2024-07-12 18:10:39,435 INFO  [restartedMain]  org.springframework.security.web.DefaultSecurityFilterChain:Will secure any request with [org.springframework.security.web.session.DisableEncodeUrlFilter@60cdbf5b, org.springframework.security.web.context.request.async.WebAsyncManagerIntegrationFilter@58d5d1bd, org.springframework.security.web.context.SecurityContextPersistenceFilter@765c63d8, org.springframework.security.web.header.HeaderWriterFilter@2477bd6c, org.springframework.security.web.authentication.logout.LogoutFilter@11920322, com.kss.security.jwt.AuthTokenFilter@1022faf4, org.springframework.security.web.savedrequest.RequestCacheAwareFilter@7e2abee7, org.springframework.security.web.servletapi.SecurityContextHolderAwareRequestFilter@1682d679, org.springframework.security.web.authentication.AnonymousAuthenticationFilter@3b1cfb7e, org.springframework.security.web.session.SessionManagementFilter@43a96c9a, org.springframework.security.web.access.ExceptionTranslationFilter@31d82673, org.springframework.security.web.access.intercept.FilterSecurityInterceptor@31f12a3d]
2024-07-12 18:10:39,668 WARN  [restartedMain]  org.springframework.boot.autoconfigure.orm.jpa.JpaBaseConfiguration$JpaWebConfiguration:spring.jpa.open-in-view is enabled by default. Therefore, database queries may be performed during view rendering. Explicitly configure spring.jpa.open-in-view to disable this warning
2024-07-12 18:10:41,319 WARN  [restartedMain]  org.springframework.security.config.annotation.web.builders.WebSecurity:You are asking Spring Security to ignore Ant [pattern='/v3/api-docs/**']. This is not recommended -- please use permitAll via HttpSecurity#authorizeHttpRequests instead.
2024-07-12 18:10:41,320 INFO  [restartedMain]  org.springframework.security.web.DefaultSecurityFilterChain:Will not secure Ant [pattern='/v3/api-docs/**']
2024-07-12 18:10:41,321 WARN  [restartedMain]  org.springframework.security.config.annotation.web.builders.WebSecurity:You are asking Spring Security to ignore Ant [pattern='swagger-ui.html']. This is not recommended -- please use permitAll via HttpSecurity#authorizeHttpRequests instead.
2024-07-12 18:10:41,321 INFO  [restartedMain]  org.springframework.security.web.DefaultSecurityFilterChain:Will not secure Ant [pattern='swagger-ui.html']
2024-07-12 18:10:41,321 WARN  [restartedMain]  org.springframework.security.config.annotation.web.builders.WebSecurity:You are asking Spring Security to ignore Ant [pattern='/swagger-ui/**']. This is not recommended -- please use permitAll via HttpSecurity#authorizeHttpRequests instead.
2024-07-12 18:10:41,322 INFO  [restartedMain]  org.springframework.security.web.DefaultSecurityFilterChain:Will not secure Ant [pattern='/swagger-ui/**']
2024-07-12 18:10:41,322 WARN  [restartedMain]  org.springframework.security.config.annotation.web.builders.WebSecurity:You are asking Spring Security to ignore Ant [pattern='/']. This is not recommended -- please use permitAll via HttpSecurity#authorizeHttpRequests instead.
2024-07-12 18:10:41,322 INFO  [restartedMain]  org.springframework.security.web.DefaultSecurityFilterChain:Will not secure Ant [pattern='/']
2024-07-12 18:10:41,322 WARN  [restartedMain]  org.springframework.security.config.annotation.web.builders.WebSecurity:You are asking Spring Security to ignore Ant [pattern='index.html']. This is not recommended -- please use permitAll via HttpSecurity#authorizeHttpRequests instead.
2024-07-12 18:10:41,322 INFO  [restartedMain]  org.springframework.security.web.DefaultSecurityFilterChain:Will not secure Ant [pattern='index.html']
2024-07-12 18:10:41,322 WARN  [restartedMain]  org.springframework.security.config.annotation.web.builders.WebSecurity:You are asking Spring Security to ignore Ant [pattern='/images/**']. This is not recommended -- please use permitAll via HttpSecurity#authorizeHttpRequests instead.
2024-07-12 18:10:41,323 INFO  [restartedMain]  org.springframework.security.web.DefaultSecurityFilterChain:Will not secure Ant [pattern='/images/**']
2024-07-12 18:10:41,323 WARN  [restartedMain]  org.springframework.security.config.annotation.web.builders.WebSecurity:You are asking Spring Security to ignore Ant [pattern='/css/**']. This is not recommended -- please use permitAll via HttpSecurity#authorizeHttpRequests instead.
2024-07-12 18:10:41,323 INFO  [restartedMain]  org.springframework.security.web.DefaultSecurityFilterChain:Will not secure Ant [pattern='/css/**']
2024-07-12 18:10:41,323 WARN  [restartedMain]  org.springframework.security.config.annotation.web.builders.WebSecurity:You are asking Spring Security to ignore Ant [pattern='/js/**']. This is not recommended -- please use permitAll via HttpSecurity#authorizeHttpRequests instead.
2024-07-12 18:10:41,323 INFO  [restartedMain]  org.springframework.security.web.DefaultSecurityFilterChain:Will not secure Ant [pattern='/js/**']
2024-07-12 18:10:41,451 INFO  [restartedMain]  org.springframework.boot.devtools.autoconfigure.OptionalLiveReloadServer:LiveReload server is running on port 35729
2024-07-12 18:10:41,460 INFO  [restartedMain]  org.springframework.boot.actuate.endpoint.web.EndpointLinksResolver:Exposing 15 endpoint(s) beneath base path '/actuator'
2024-07-12 18:10:41,574 INFO  [restartedMain]  org.springframework.boot.web.embedded.tomcat.TomcatWebServer:Tomcat started on port(s): 8080 (http) with context path ''
2024-07-12 18:10:41,601 INFO  [restartedMain]  com.kss.KssAmbalajApplication:Started KssAmbalajApplication in 13.585 seconds (JVM running for 15.355)
2024-07-12 18:12:39,331 INFO  [http-nio-8080-exec-1]  org.apache.catalina.core.ContainerBase.[Tomcat].[localhost].[/]:Initializing Spring DispatcherServlet 'dispatcherServlet'
2024-07-12 18:13:04,094 ERROR [http-nio-8080-exec-9]  com.kss.exception.KSSAmbalajExceptionHandler:Bad credentials
2024-07-12 18:13:04,106 WARN  [http-nio-8080-exec-9]  org.springframework.web.servlet.mvc.method.annotation.ExceptionHandlerExceptionResolver:Resolved [org.springframework.security.authentication.BadCredentialsException: Bad credentials]
